
GETSOCKNAME 'http://192.168.100.21/' 


GETSOCKNAME 'http://192.168.100.21/' 


Red Local url: 'http://192.168.100.21:80/' 

Red Local url: 'http://192.168.100.21:80/' 

Red Local url: 'http://192.168.100.21:80/' 

Red Local url: 'http://192.168.100.21:80/' 

Red Local url: 'http://192.168.100.21:80/' 

Red Local url: 'http://192.168.100.21:80/' 

Red Local url: 'http://192.168.100.21:80/' 

Red Local url: 'http://192.168.100.21:666/' 

Red Local url: 'http://192.168.100.21:8080/' 

Red Local url: 'http://192.168.100.21:666/' 

Red Local url: 'http://192.168.100.21:666/' 

 True 

pruebas_pdf_imagenes.py 

Red Local url: 'http://192.168.100.21:666/' 

 True 

pruebas_pdf_imagenes.py 

googlearconpython.py 

animacion en vivo con matplotlib.py 

pruebas_os_sys.py 

pruebas.py.log 

canvas.py 

notas.txt 

pruebas_socket.py 

pruebas_matematica.py 

testFirebase.py 

pruebas.log 

info.auto. 

__init__.py 

modulos.py 

pruebas.py 

practica_sqlite3.py 

__pycache__ False 

sigue True 

auto.googlearconpython.py True 

auto.googlearconpython.py/colchom.html 

auto.googlearconpython.py/resultadosindex.html 

auto.googlearconpython.py/buscar.txt 

auto.googlearconpython.py/producto_vehiculos_electricos True 

auto.googlearconpython.py/producto_vehiculos_electricos/0000001360_WWW_GOOGLE_COMencrypted_tbn0_gstatic_com_images_q_tbn_ANd9GcSPDHmbWbLMSmjIkgZbnthuLO4MXGjO7qt1L6cwoRiWJadPaTOb9g0TY8P_qo0_s.jpg 

auto.googlearconpython.py/producto_vehiculos_electricos/0000003672_WWW_GOOGLE_COMencrypted_tbn0_gstatic_com_images_q_tbn_ANd9GcRj6l0d2hE2f69i95FALPgjwN1800gi6AKdtOYcIG8LObtfJ4Ku4VB4tzkGHw_s.png 

auto.googlearconpython.py/producto_vehiculos_electricos/0000003965_WWW_GOOGLE_COMencrypted_tbn0_gstatic_com_images_q_tbn_ANd9GcTSrPiMKmUN_PEEUI4BWTN5u2RxiI9SIwj_LG5U7P61lTKWFw8BF6AZlL9PNfI_s.png 

auto.googlearconpython.py/producto_vehiculos_electricos/0000002789_WWW_GOOGLE_COMencrypted_tbn0_gstatic_com_images_q_tbn_ANd9GcTUOM7EOuhjpoHwXQdJNv9kMXowMmXEQLxKoq3mX5332EeUEG7ZC6E1zi4vdbc_s.png 

auto.googlearconpython.py/producto_vehiculos_electricos/0000003856_WWW_GOOGLE_COMencrypted_tbn0_gstatic_com_images_q_tbn_ANd9GcRXQKQMBCFbAyITIm9_ekStuHSugAIi_8vvjJkrI9L55T15OdM3pZQMILXtew_s.png 

auto.googlearconpython.py/producto_vehiculos_electricos/0000004520_WWW_GOOGLE_COMencrypted_tbn0_gstatic_com_images_q_tbn_ANd9GcSOuI7ddR5WS_Hd_ok0VLXarMwswbri4AlS_0U70_ClhHAqmjkRE5hKhwYuW8Y_s.png 

auto.googlearconpython.py/producto_vehiculos_electricos/0000004642_WWW_GOOGLE_COMencrypted_tbn0_gstatic_com_images_q_tbn_ANd9GcQRmgULoS6fXX7eqznNvlUT__ib9SrY54bixKU_pAQ79DRP99kSvKs0E0047A_s.png 

auto.googlearconpython.py/producto_vehiculos_electricos/0000004084_WWW_GOOGLE_COMencrypted_tbn0_gstatic_com_images_q_tbn_ANd9GcSr7rR6gOaMsYwHKP2xYZ_IHXNFeNTV_tKGRq0pS9SIuOuj3GL_DdyBGArVdAc_s.png 

auto.googlearconpython.py/producto_vehiculos_electricos/0000004515_WWW_GOOGLE_COMencrypted_tbn0_gstatic_com_images_q_tbn_ANd9GcTBZ4acEPjFw4jvGf4bV83bkerCQORxBT6_NWCyDwA3q2AM4IGHObFbsdxeMfc_s.jpg 

auto.googlearconpython.py/producto_vehiculos_electricos/0000003618_WWW_GOOGLE_COMencrypted_tbn0_gstatic_com_images_q_tbn_ANd9GcTWPNNLUUEpbWbz__7WWGVpx5_2tQpRw__qxvAA9uy_SY06OvM2ZF9wPp14fw_s.png 

auto.googlearconpython.py/producto_vehiculos_electricos/0000004642_WWW_GOOGLE_COMencrypted_tbn0_gstatic_com_images_q_tbn_ANd9GcQRmgULoS6fXX7eqznNvlUT__ib9SrY54bixKU_pAQ79DRP99kSvKs0E0047A_s.jpg 

auto.googlearconpython.py/producto_vehiculos_electricos/0000004481_WWW_GOOGLE_COMencrypted_tbn0_gstatic_com_images_q_tbn_ANd9GcSvIgS_G5_FWTE_c8i_kUpFl0_JM1x0HnwiCP37Mio3XI2ixOuelWb1aqnsXFA_s.jpg 

auto.googlearconpython.py/producto_vehiculos_electricos/0000002789_WWW_GOOGLE_COMencrypted_tbn0_gstatic_com_images_q_tbn_ANd9GcTUOM7EOuhjpoHwXQdJNv9kMXowMmXEQLxKoq3mX5332EeUEG7ZC6E1zi4vdbc_s.jpg 

auto.googlearconpython.py/producto_vehiculos_electricos/0000004515_WWW_GOOGLE_COMencrypted_tbn0_gstatic_com_images_q_tbn_ANd9GcTBZ4acEPjFw4jvGf4bV83bkerCQORxBT6_NWCyDwA3q2AM4IGHObFbsdxeMfc_s.png 

auto.googlearconpython.py/producto_vehiculos_electricos/0000005277_WWW_GOOGLE_COMencrypted_tbn0_gstatic_com_images_q_tbn_ANd9GcRXnv3wvmjr76MXr_3_EiaQPFLrZFPFoAkYlFAZc3LSEu4JRZ6V__ErkVPcf6E_s.png 

auto.googlearconpython.py/producto_vehiculos_electricos/0000005206_WWW_GOOGLE_COMencrypted_tbn0_gstatic_com_images_q_tbn_ANd9GcRCjPIidElOwXoAdtL63gWIso_w7zZe_t_mQ2Ih1EM0oUfz7zH_y0my2wEKv2s_s.jpg 

auto.googlearconpython.py/producto_vehiculos_electricos/0000003837_WWW_GOOGLE_COMencrypted_tbn0_gstatic_com_images_q_tbn_ANd9GcS9eAn1qBV5ys3HhQGJdW4sf3gplKQ_Xwt8jrkOT16Bzf1lOPDmwJ_4Ts19Cig_s.jpg 

auto.googlearconpython.py/producto_vehiculos_electricos/0000005206_WWW_GOOGLE_COMencrypted_tbn0_gstatic_com_images_q_tbn_ANd9GcRCjPIidElOwXoAdtL63gWIso_w7zZe_t_mQ2Ih1EM0oUfz7zH_y0my2wEKv2s_s.png 

auto.googlearconpython.py/producto_vehiculos_electricos/0000003965_WWW_GOOGLE_COMencrypted_tbn0_gstatic_com_images_q_tbn_ANd9GcTSrPiMKmUN_PEEUI4BWTN5u2RxiI9SIwj_LG5U7P61lTKWFw8BF6AZlL9PNfI_s.jpg 

auto.googlearconpython.py/producto_vehiculos_electricos/0000004520_WWW_GOOGLE_COMencrypted_tbn0_gstatic_com_images_q_tbn_ANd9GcSOuI7ddR5WS_Hd_ok0VLXarMwswbri4AlS_0U70_ClhHAqmjkRE5hKhwYuW8Y_s.jpg 

auto.googlearconpython.py/producto_vehiculos_electricos/0000003856_WWW_GOOGLE_COMencrypted_tbn0_gstatic_com_images_q_tbn_ANd9GcRXQKQMBCFbAyITIm9_ekStuHSugAIi_8vvjJkrI9L55T15OdM3pZQMILXtew_s.jpg 

auto.googlearconpython.py/producto_vehiculos_electricos/0000002774_WWW_GOOGLE_COMencrypted_tbn0_gstatic_com_images_q_tbn_ANd9GcTpQF6GfrwUKJU_An3i2y9aTaIItExv2mibr_GMpD0umQWGnSIGjmXg_1YHGg_s.jpg 

auto.googlearconpython.py/producto_vehiculos_electricos/0000004643_WWW_GOOGLE_COMencrypted_tbn0_gstatic_com_images_q_tbn_ANd9GcQGZqRYfe4mlrDWnbbo2aigTOjYF8ZPqhODbNkkFUbNCCY3w1qs75WnMxxE800_s.jpg 

auto.googlearconpython.py/producto_vehiculos_electricos/0000004481_WWW_GOOGLE_COMencrypted_tbn0_gstatic_com_images_q_tbn_ANd9GcSvIgS_G5_FWTE_c8i_kUpFl0_JM1x0HnwiCP37Mio3XI2ixOuelWb1aqnsXFA_s.png 

auto.googlearconpython.py/producto_vehiculos_electricos/0000004084_WWW_GOOGLE_COMencrypted_tbn0_gstatic_com_images_q_tbn_ANd9GcSr7rR6gOaMsYwHKP2xYZ_IHXNFeNTV_tKGRq0pS9SIuOuj3GL_DdyBGArVdAc_s.jpg 

auto.googlearconpython.py/producto_vehiculos_electricos/0000003672_WWW_GOOGLE_COMencrypted_tbn0_gstatic_com_images_q_tbn_ANd9GcRj6l0d2hE2f69i95FALPgjwN1800gi6AKdtOYcIG8LObtfJ4Ku4VB4tzkGHw_s.jpg 

auto.googlearconpython.py/producto_vehiculos_electricos/0000004092_WWW_GOOGLE_COMencrypted_tbn0_gstatic_com_images_q_tbn_ANd9GcSx3K_rJ715m2LiLmoqlQpYaGSwmdU_leVF0_DbuA_iQ4XAPaOrQxC0oIrjRg_s.jpg 

auto.googlearconpython.py/producto_vehiculos_electricos/0000004643_WWW_GOOGLE_COMencrypted_tbn0_gstatic_com_images_q_tbn_ANd9GcQGZqRYfe4mlrDWnbbo2aigTOjYF8ZPqhODbNkkFUbNCCY3w1qs75WnMxxE800_s.png 

auto.googlearconpython.py/producto_vehiculos_electricos/0000001360_WWW_GOOGLE_COMencrypted_tbn0_gstatic_com_images_q_tbn_ANd9GcSPDHmbWbLMSmjIkgZbnthuLO4MXGjO7qt1L6cwoRiWJadPaTOb9g0TY8P_qo0_s.png 

auto.googlearconpython.py/producto_vehiculos_electricos/0000002774_WWW_GOOGLE_COMencrypted_tbn0_gstatic_com_images_q_tbn_ANd9GcTpQF6GfrwUKJU_An3i2y9aTaIItExv2mibr_GMpD0umQWGnSIGjmXg_1YHGg_s.png 

auto.googlearconpython.py/producto_vehiculos_electricos/0000003837_WWW_GOOGLE_COMencrypted_tbn0_gstatic_com_images_q_tbn_ANd9GcS9eAn1qBV5ys3HhQGJdW4sf3gplKQ_Xwt8jrkOT16Bzf1lOPDmwJ_4Ts19Cig_s.png 

auto.googlearconpython.py/producto_vehiculos_electricos/0000005200_WWW_GOOGLE_COMencrypted_tbn0_gstatic_com_images_q_tbn_ANd9GcRlhxI_XxBjvLKyBf_0xC3rMQ08U4NZ13fN6l9c4yf3dfUnpb92kp5ct2zw6jc_s.jpg 

auto.googlearconpython.py/producto_vehiculos_electricos/0000004650_WWW_GOOGLE_COMencrypted_tbn0_gstatic_com_images_q_tbn_ANd9GcT3R3_rCS7NbybCOllnrtUcgDNBTf1biH7ubP1N4AK4NjIt_O0ZsmkzjpjLjg_s.jpg 

auto.googlearconpython.py/producto_vehiculos_electricos/0000005277_WWW_GOOGLE_COMencrypted_tbn0_gstatic_com_images_q_tbn_ANd9GcRXnv3wvmjr76MXr_3_EiaQPFLrZFPFoAkYlFAZc3LSEu4JRZ6V__ErkVPcf6E_s.jpg 

auto.googlearconpython.py/producto_vehiculos_electricos/0000004650_WWW_GOOGLE_COMencrypted_tbn0_gstatic_com_images_q_tbn_ANd9GcT3R3_rCS7NbybCOllnrtUcgDNBTf1biH7ubP1N4AK4NjIt_O0ZsmkzjpjLjg_s.png 

auto.googlearconpython.py/producto_vehiculos_electricos/0000004092_WWW_GOOGLE_COMencrypted_tbn0_gstatic_com_images_q_tbn_ANd9GcSx3K_rJ715m2LiLmoqlQpYaGSwmdU_leVF0_DbuA_iQ4XAPaOrQxC0oIrjRg_s.png 

auto.googlearconpython.py/producto_vehiculos_electricos/0000003902_WWW_GOOGLE_COMencrypted_tbn0_gstatic_com_images_q_tbn_ANd9GcTMJFT_CtDZc0y4oNRt4rLAMo6mZIpUQBmBZsiAP_FvWlwdwzXWJSQtNRvdFQ_s.jpg 

auto.googlearconpython.py/producto_vehiculos_electricos/0000005200_WWW_GOOGLE_COMencrypted_tbn0_gstatic_com_images_q_tbn_ANd9GcRlhxI_XxBjvLKyBf_0xC3rMQ08U4NZ13fN6l9c4yf3dfUnpb92kp5ct2zw6jc_s.png 

auto.googlearconpython.py/producto_vehiculos_electricos/0000003618_WWW_GOOGLE_COMencrypted_tbn0_gstatic_com_images_q_tbn_ANd9GcTWPNNLUUEpbWbz__7WWGVpx5_2tQpRw__qxvAA9uy_SY06OvM2ZF9wPp14fw_s.jpg 

auto.googlearconpython.py/producto_vehiculos_electricos/0000003902_WWW_GOOGLE_COMencrypted_tbn0_gstatic_com_images_q_tbn_ANd9GcTMJFT_CtDZc0y4oNRt4rLAMo6mZIpUQBmBZsiAP_FvWlwdwzXWJSQtNRvdFQ_s.png 

home False 

home/android False 

home/android/sigue False 

home/android/media False 

ERROR: ('192.168.100.6', 666) [Errno 113] No route to host 

ERROR: ('192.168.100.7', 666) [Errno 113] No route to host 

ERROR: ('192.168.100.8', 666) [Errno 111] Connection refused 


Servidor HTTP corriendo en la direccion 'http://0.0.0.0:666/' 

Red Local url: 'http://192.168.100.21:666/' 

 True 

pruebas_pdf_imagenes.py 

googlearconpython.py 

animacion en vivo con matplotlib.py 

pruebas_os_sys.py 

pruebas.py.log 

canvas.py 

notas.txt 

pruebas_socket.py 

pruebas_matematica.py 

testFirebase.py 

pruebas.log 

info.auto. 

__init__.py 

modulos.py 

pruebas.py 

practica_sqlite3.py 

__pycache__ False 

sigue True 

auto.googlearconpython.py True 

auto.googlearconpython.py/colchom.html 

auto.googlearconpython.py/resultadosindex.html 

auto.googlearconpython.py/buscar.txt 

auto.googlearconpython.py/producto_vehiculos_electricos True 

auto.googlearconpython.py/producto_vehiculos_electricos/0000001360_WWW_GOOGLE_COMencrypted_tbn0_gstatic_com_images_q_tbn_ANd9GcSPDHmbWbLMSmjIkgZbnthuLO4MXGjO7qt1L6cwoRiWJadPaTOb9g0TY8P_qo0_s.jpg 

auto.googlearconpython.py/producto_vehiculos_electricos/0000003672_WWW_GOOGLE_COMencrypted_tbn0_gstatic_com_images_q_tbn_ANd9GcRj6l0d2hE2f69i95FALPgjwN1800gi6AKdtOYcIG8LObtfJ4Ku4VB4tzkGHw_s.png 

auto.googlearconpython.py/producto_vehiculos_electricos/0000003965_WWW_GOOGLE_COMencrypted_tbn0_gstatic_com_images_q_tbn_ANd9GcTSrPiMKmUN_PEEUI4BWTN5u2RxiI9SIwj_LG5U7P61lTKWFw8BF6AZlL9PNfI_s.png 

auto.googlearconpython.py/producto_vehiculos_electricos/0000002789_WWW_GOOGLE_COMencrypted_tbn0_gstatic_com_images_q_tbn_ANd9GcTUOM7EOuhjpoHwXQdJNv9kMXowMmXEQLxKoq3mX5332EeUEG7ZC6E1zi4vdbc_s.png 

auto.googlearconpython.py/producto_vehiculos_electricos/0000003856_WWW_GOOGLE_COMencrypted_tbn0_gstatic_com_images_q_tbn_ANd9GcRXQKQMBCFbAyITIm9_ekStuHSugAIi_8vvjJkrI9L55T15OdM3pZQMILXtew_s.png 

auto.googlearconpython.py/producto_vehiculos_electricos/0000004520_WWW_GOOGLE_COMencrypted_tbn0_gstatic_com_images_q_tbn_ANd9GcSOuI7ddR5WS_Hd_ok0VLXarMwswbri4AlS_0U70_ClhHAqmjkRE5hKhwYuW8Y_s.png 

auto.googlearconpython.py/producto_vehiculos_electricos/0000004642_WWW_GOOGLE_COMencrypted_tbn0_gstatic_com_images_q_tbn_ANd9GcQRmgULoS6fXX7eqznNvlUT__ib9SrY54bixKU_pAQ79DRP99kSvKs0E0047A_s.png 

auto.googlearconpython.py/producto_vehiculos_electricos/0000004084_WWW_GOOGLE_COMencrypted_tbn0_gstatic_com_images_q_tbn_ANd9GcSr7rR6gOaMsYwHKP2xYZ_IHXNFeNTV_tKGRq0pS9SIuOuj3GL_DdyBGArVdAc_s.png 

auto.googlearconpython.py/producto_vehiculos_electricos/0000004515_WWW_GOOGLE_COMencrypted_tbn0_gstatic_com_images_q_tbn_ANd9GcTBZ4acEPjFw4jvGf4bV83bkerCQORxBT6_NWCyDwA3q2AM4IGHObFbsdxeMfc_s.jpg 

auto.googlearconpython.py/producto_vehiculos_electricos/0000003618_WWW_GOOGLE_COMencrypted_tbn0_gstatic_com_images_q_tbn_ANd9GcTWPNNLUUEpbWbz__7WWGVpx5_2tQpRw__qxvAA9uy_SY06OvM2ZF9wPp14fw_s.png 

auto.googlearconpython.py/producto_vehiculos_electricos/0000004642_WWW_GOOGLE_COMencrypted_tbn0_gstatic_com_images_q_tbn_ANd9GcQRmgULoS6fXX7eqznNvlUT__ib9SrY54bixKU_pAQ79DRP99kSvKs0E0047A_s.jpg 

auto.googlearconpython.py/producto_vehiculos_electricos/0000004481_WWW_GOOGLE_COMencrypted_tbn0_gstatic_com_images_q_tbn_ANd9GcSvIgS_G5_FWTE_c8i_kUpFl0_JM1x0HnwiCP37Mio3XI2ixOuelWb1aqnsXFA_s.jpg 

auto.googlearconpython.py/producto_vehiculos_electricos/0000002789_WWW_GOOGLE_COMencrypted_tbn0_gstatic_com_images_q_tbn_ANd9GcTUOM7EOuhjpoHwXQdJNv9kMXowMmXEQLxKoq3mX5332EeUEG7ZC6E1zi4vdbc_s.jpg 

auto.googlearconpython.py/producto_vehiculos_electricos/0000004515_WWW_GOOGLE_COMencrypted_tbn0_gstatic_com_images_q_tbn_ANd9GcTBZ4acEPjFw4jvGf4bV83bkerCQORxBT6_NWCyDwA3q2AM4IGHObFbsdxeMfc_s.png 

auto.googlearconpython.py/producto_vehiculos_electricos/0000005277_WWW_GOOGLE_COMencrypted_tbn0_gstatic_com_images_q_tbn_ANd9GcRXnv3wvmjr76MXr_3_EiaQPFLrZFPFoAkYlFAZc3LSEu4JRZ6V__ErkVPcf6E_s.png 

auto.googlearconpython.py/producto_vehiculos_electricos/0000005206_WWW_GOOGLE_COMencrypted_tbn0_gstatic_com_images_q_tbn_ANd9GcRCjPIidElOwXoAdtL63gWIso_w7zZe_t_mQ2Ih1EM0oUfz7zH_y0my2wEKv2s_s.jpg 

auto.googlearconpython.py/producto_vehiculos_electricos/0000003837_WWW_GOOGLE_COMencrypted_tbn0_gstatic_com_images_q_tbn_ANd9GcS9eAn1qBV5ys3HhQGJdW4sf3gplKQ_Xwt8jrkOT16Bzf1lOPDmwJ_4Ts19Cig_s.jpg 

auto.googlearconpython.py/producto_vehiculos_electricos/0000005206_WWW_GOOGLE_COMencrypted_tbn0_gstatic_com_images_q_tbn_ANd9GcRCjPIidElOwXoAdtL63gWIso_w7zZe_t_mQ2Ih1EM0oUfz7zH_y0my2wEKv2s_s.png 

auto.googlearconpython.py/producto_vehiculos_electricos/0000003965_WWW_GOOGLE_COMencrypted_tbn0_gstatic_com_images_q_tbn_ANd9GcTSrPiMKmUN_PEEUI4BWTN5u2RxiI9SIwj_LG5U7P61lTKWFw8BF6AZlL9PNfI_s.jpg 

auto.googlearconpython.py/producto_vehiculos_electricos/0000004520_WWW_GOOGLE_COMencrypted_tbn0_gstatic_com_images_q_tbn_ANd9GcSOuI7ddR5WS_Hd_ok0VLXarMwswbri4AlS_0U70_ClhHAqmjkRE5hKhwYuW8Y_s.jpg 

auto.googlearconpython.py/producto_vehiculos_electricos/0000003856_WWW_GOOGLE_COMencrypted_tbn0_gstatic_com_images_q_tbn_ANd9GcRXQKQMBCFbAyITIm9_ekStuHSugAIi_8vvjJkrI9L55T15OdM3pZQMILXtew_s.jpg 

auto.googlearconpython.py/producto_vehiculos_electricos/0000002774_WWW_GOOGLE_COMencrypted_tbn0_gstatic_com_images_q_tbn_ANd9GcTpQF6GfrwUKJU_An3i2y9aTaIItExv2mibr_GMpD0umQWGnSIGjmXg_1YHGg_s.jpg 

auto.googlearconpython.py/producto_vehiculos_electricos/0000004643_WWW_GOOGLE_COMencrypted_tbn0_gstatic_com_images_q_tbn_ANd9GcQGZqRYfe4mlrDWnbbo2aigTOjYF8ZPqhODbNkkFUbNCCY3w1qs75WnMxxE800_s.jpg 

auto.googlearconpython.py/producto_vehiculos_electricos/0000004481_WWW_GOOGLE_COMencrypted_tbn0_gstatic_com_images_q_tbn_ANd9GcSvIgS_G5_FWTE_c8i_kUpFl0_JM1x0HnwiCP37Mio3XI2ixOuelWb1aqnsXFA_s.png 

auto.googlearconpython.py/producto_vehiculos_electricos/0000004084_WWW_GOOGLE_COMencrypted_tbn0_gstatic_com_images_q_tbn_ANd9GcSr7rR6gOaMsYwHKP2xYZ_IHXNFeNTV_tKGRq0pS9SIuOuj3GL_DdyBGArVdAc_s.jpg 

auto.googlearconpython.py/producto_vehiculos_electricos/0000003672_WWW_GOOGLE_COMencrypted_tbn0_gstatic_com_images_q_tbn_ANd9GcRj6l0d2hE2f69i95FALPgjwN1800gi6AKdtOYcIG8LObtfJ4Ku4VB4tzkGHw_s.jpg 

auto.googlearconpython.py/producto_vehiculos_electricos/0000004092_WWW_GOOGLE_COMencrypted_tbn0_gstatic_com_images_q_tbn_ANd9GcSx3K_rJ715m2LiLmoqlQpYaGSwmdU_leVF0_DbuA_iQ4XAPaOrQxC0oIrjRg_s.jpg 

auto.googlearconpython.py/producto_vehiculos_electricos/0000004643_WWW_GOOGLE_COMencrypted_tbn0_gstatic_com_images_q_tbn_ANd9GcQGZqRYfe4mlrDWnbbo2aigTOjYF8ZPqhODbNkkFUbNCCY3w1qs75WnMxxE800_s.png 

auto.googlearconpython.py/producto_vehiculos_electricos/0000001360_WWW_GOOGLE_COMencrypted_tbn0_gstatic_com_images_q_tbn_ANd9GcSPDHmbWbLMSmjIkgZbnthuLO4MXGjO7qt1L6cwoRiWJadPaTOb9g0TY8P_qo0_s.png 

auto.googlearconpython.py/producto_vehiculos_electricos/0000002774_WWW_GOOGLE_COMencrypted_tbn0_gstatic_com_images_q_tbn_ANd9GcTpQF6GfrwUKJU_An3i2y9aTaIItExv2mibr_GMpD0umQWGnSIGjmXg_1YHGg_s.png 

auto.googlearconpython.py/producto_vehiculos_electricos/0000003837_WWW_GOOGLE_COMencrypted_tbn0_gstatic_com_images_q_tbn_ANd9GcS9eAn1qBV5ys3HhQGJdW4sf3gplKQ_Xwt8jrkOT16Bzf1lOPDmwJ_4Ts19Cig_s.png 

auto.googlearconpython.py/producto_vehiculos_electricos/0000005200_WWW_GOOGLE_COMencrypted_tbn0_gstatic_com_images_q_tbn_ANd9GcRlhxI_XxBjvLKyBf_0xC3rMQ08U4NZ13fN6l9c4yf3dfUnpb92kp5ct2zw6jc_s.jpg 

auto.googlearconpython.py/producto_vehiculos_electricos/0000004650_WWW_GOOGLE_COMencrypted_tbn0_gstatic_com_images_q_tbn_ANd9GcT3R3_rCS7NbybCOllnrtUcgDNBTf1biH7ubP1N4AK4NjIt_O0ZsmkzjpjLjg_s.jpg 

auto.googlearconpython.py/producto_vehiculos_electricos/0000005277_WWW_GOOGLE_COMencrypted_tbn0_gstatic_com_images_q_tbn_ANd9GcRXnv3wvmjr76MXr_3_EiaQPFLrZFPFoAkYlFAZc3LSEu4JRZ6V__ErkVPcf6E_s.jpg 

auto.googlearconpython.py/producto_vehiculos_electricos/0000004650_WWW_GOOGLE_COMencrypted_tbn0_gstatic_com_images_q_tbn_ANd9GcT3R3_rCS7NbybCOllnrtUcgDNBTf1biH7ubP1N4AK4NjIt_O0ZsmkzjpjLjg_s.png 

auto.googlearconpython.py/producto_vehiculos_electricos/0000004092_WWW_GOOGLE_COMencrypted_tbn0_gstatic_com_images_q_tbn_ANd9GcSx3K_rJ715m2LiLmoqlQpYaGSwmdU_leVF0_DbuA_iQ4XAPaOrQxC0oIrjRg_s.png 

auto.googlearconpython.py/producto_vehiculos_electricos/0000003902_WWW_GOOGLE_COMencrypted_tbn0_gstatic_com_images_q_tbn_ANd9GcTMJFT_CtDZc0y4oNRt4rLAMo6mZIpUQBmBZsiAP_FvWlwdwzXWJSQtNRvdFQ_s.jpg 

auto.googlearconpython.py/producto_vehiculos_electricos/0000005200_WWW_GOOGLE_COMencrypted_tbn0_gstatic_com_images_q_tbn_ANd9GcRlhxI_XxBjvLKyBf_0xC3rMQ08U4NZ13fN6l9c4yf3dfUnpb92kp5ct2zw6jc_s.png 

auto.googlearconpython.py/producto_vehiculos_electricos/0000003618_WWW_GOOGLE_COMencrypted_tbn0_gstatic_com_images_q_tbn_ANd9GcTWPNNLUUEpbWbz__7WWGVpx5_2tQpRw__qxvAA9uy_SY06OvM2ZF9wPp14fw_s.jpg 

auto.googlearconpython.py/producto_vehiculos_electricos/0000003902_WWW_GOOGLE_COMencrypted_tbn0_gstatic_com_images_q_tbn_ANd9GcTMJFT_CtDZc0y4oNRt4rLAMo6mZIpUQBmBZsiAP_FvWlwdwzXWJSQtNRvdFQ_s.png 

home False 

home/android False 

home/android/sigue False 

home/android/media False 

ERROR: ('192.168.100.6', 666) [Errno 113] No route to host 

ERROR: ('192.168.100.7', 666) [Errno 111] Connection refused 

ERROR: ('192.168.100.8', 666) [Errno 111] Connection refused 


Servidor HTTP corriendo en la direccion 'http://0.0.0.0:666/' 

Red Local url: 'http://192.168.100.21:666/' 

 True 

cara_frontal.png 

48289380Y_TFG_14412834227804295580822753741684.pdf 

imagenes.docx 

Red Local url: 'http://192.168.100.21:666/' 

 True 

cara_frontal.png 

48289380Y_TFG_14412834227804295580822753741684.pdf 

imagenes.docx 

Red Local url: 'http://192.168.100.21:666/' 

 True 

cara_frontal.png 

48289380Y_TFG_14412834227804295580822753741684.pdf 

imagenes.docx 

Red Local url: 'http://192.168.100.21:666/' 

 True 

cara_frontal.png 

48289380Y_TFG_14412834227804295580822753741684.pdf 

imagenes.docx 

Red Local url: 'http://192.168.100.21:666/' 

 True 

cara_frontal.png 

48289380Y_TFG_14412834227804295580822753741684.pdf 

imagenes.docx 

cross_git_repo_path:/home/mbarete/Escritorio/0_PYTHON/Mbarete/ 

cross_git_repo_branch:master 

cross_git_repo_email:mathiaslucasvidipy@gmail.com 

cross_git_repo_whatsapp:"+595991753962" 

cross_sub_proyectos:codigoLibre 

cross_temporal:/tmp/temp_mbarete 

cross_version:1.0 

cross_modo_seguro:false 

cross_os_name:posix 

cross_file:info.auto. 

cross_pwd_practicas:/home/mbarete/Escritorio/0_PYTHON/Mbarete/mbarete/practicas/ 

cross_pwd_consolas:/home/mbarete/Escritorio/0_PYTHON/Mbarete/mbarete/consolas/ 

prefijo:cross_ 

cross_ignorar:.auto. 

cross_OS:linux 

cross_tmp:/tmp/ 

cross_OS_VERSION:"20.04.4 LTS (Focal Fossa)" 

cross_OS_ID:ubuntu 

cross_OS_ID_LIKE:debian 

cross_OS_PRETTY_NAME:"Linux Lite 5.6" 

cross_uname_sysname:Linux 

cross_uname_nodename:mbarete-HP-15-Notebook-PC 

cross_uname_release:5.4.0-104-generic 

cross_uname_version:#118-Ubuntu SMP Wed Mar 2 19:02:41 UTC 2022 

cross_uname_machine:x86_64 

cross_V:"ubuntu, "Linux Lite 5.6"" 

cross_sys_prefix:"/usr" 

cross_sys_platform:linux 

cross_sys_version:"3.8.10 (default, Nov 26 2021, 20:14:08)  [GCC 9.3.0]" 

cross_git_branch:master 

cross_git_repo_username:MbaretePythonPY 

cross_git_repo_name:Mbarete.git 

cross_git_email:mathiaslucasvidipy@gmail.com 

cross_git_username:MbaretePythonPY 

cross_fuente:mbarete\consolas\ 

cross_install:sudo apt install 

cross_install_flatpack:sudo flatpack install 

cross_git_repo_path:/home/mbarete/Escritorio/0_PYTHON/Mbarete/ 

cross_git_repo_branch:master 

cross_git_repo_email:mathiaslucasvidipy@gmail.com 

cross_git_repo_whatsapp:"+595991753962" 

cross_sub_proyectos:codigoLibre 

cross_temporal:/tmp/temp_mbarete 

cross_version:1.0 

cross_modo_seguro:false 

cross_os_name:posix 

cross_file:info.auto. 

cross_pwd_practicas:/home/mbarete/Escritorio/0_PYTHON/Mbarete/mbarete/practicas/ 

cross_pwd_consolas:/home/mbarete/Escritorio/0_PYTHON/Mbarete/mbarete/consolas/ 

prefijo:cross_ 

cross_ignorar:.auto. 

cross_OS:linux 

cross_tmp:/tmp/ 

cross_OS_VERSION:"20.04.4 LTS (Focal Fossa)" 

cross_OS_ID:ubuntu 

cross_OS_ID_LIKE:debian 

cross_OS_PRETTY_NAME:"Linux Lite 5.6" 

cross_uname_sysname:Linux 

cross_uname_nodename:mbarete-HP-15-Notebook-PC 

cross_uname_release:5.4.0-104-generic 

cross_uname_version:#118-Ubuntu SMP Wed Mar 2 19:02:41 UTC 2022 

cross_uname_machine:x86_64 

cross_V:"ubuntu, "Linux Lite 5.6"" 

cross_sys_prefix:"/usr" 

cross_sys_platform:linux 

cross_sys_version:"3.8.10 (default, Nov 26 2021, 20:14:08)  [GCC 9.3.0]" 

cross_git_branch:master 

cross_git_repo_username:MbaretePythonPY 

cross_git_repo_name:Mbarete.git 

cross_git_email:mathiaslucasvidipy@gmail.com 

cross_git_username:MbaretePythonPY 

cross_fuente:mbarete\consolas\ 

cross_install:sudo apt install 

cross_install_flatpack:sudo flatpack install 

cross_git_repo_path:/home/mbarete/Escritorio/0_PYTHON/Mbarete/ 

cross_git_repo_branch:master 

cross_git_repo_email:mathiaslucasvidipy@gmail.com 

cross_git_repo_whatsapp:"+595991753962" 

cross_sub_proyectos:codigoLibre 

cross_temporal:/tmp/temp_mbarete 

cross_version:1.0 

cross_modo_seguro:false 

cross_os_name:posix 

cross_file:info.auto. 

cross_pwd_practicas:/home/mbarete/Escritorio/0_PYTHON/Mbarete/mbarete/practicas/ 

cross_pwd_consolas:/home/mbarete/Escritorio/0_PYTHON/Mbarete/mbarete/consolas/ 

prefijo:cross_ 

cross_ignorar:.auto. 

cross_OS:linux 

cross_tmp:/tmp/ 

cross_OS_VERSION:"20.04.4 LTS (Focal Fossa)" 

cross_OS_ID:ubuntu 

cross_OS_ID_LIKE:debian 

cross_OS_PRETTY_NAME:"Linux Lite 5.6" 

cross_uname_sysname:Linux 

cross_uname_nodename:mbarete-HP-15-Notebook-PC 

cross_uname_release:5.4.0-104-generic 

cross_uname_version:"#118-Ubuntu SMP Wed Mar 2 19:02:41 UTC 2022" 

cross_uname_machine:x86_64 

cross_V:"ubuntu, "Linux Lite 5.6"" 

cross_sys_prefix:"/usr" 

cross_sys_platform:linux 

cross_sys_version:"3.8.10 (default, Nov 26 2021, 20:14:08)  [GCC 9.3.0]" 

cross_git_branch:master 

cross_git_repo_username:MbaretePythonPY 

cross_git_repo_name:Mbarete.git 

cross_git_email:mathiaslucasvidipy@gmail.com 

cross_git_username:MbaretePythonPY 

cross_fuente:mbarete\consolas\ 

cross_install:sudo apt install 

cross_install_flatpack:sudo flatpack install 

cross_git_repo_path:/home/mbarete/Escritorio/0_PYTHON/Mbarete/ 

cross_git_repo_branch:master 

cross_git_repo_email:mathiaslucasvidipy@gmail.com 

cross_git_repo_whatsapp:"+595991753962" 

cross_sub_proyectos:codigoLibre 

cross_temporal:/tmp/temp_mbarete 

cross_version:1.0 

cross_modo_seguro:false 

cross_os_name:posix 

cross_file:info.auto. 

cross_pwd_practicas:/home/mbarete/Escritorio/0_PYTHON/Mbarete/mbarete/practicas/ 

cross_pwd_consolas:/home/mbarete/Escritorio/0_PYTHON/Mbarete/mbarete/consolas/ 

prefijo:cross_ 

cross_ignorar:.auto. 

cross_OS:linux 

cross_tmp:/tmp/ 

cross_OS_VERSION:"20.04.4 LTS (Focal Fossa)" 

cross_OS_ID:ubuntu 

cross_OS_ID_LIKE:debian 

cross_OS_PRETTY_NAME:"Linux Lite 5.6" 

cross_uname_sysname:Linux 

cross_uname_nodename:mbarete-HP-15-Notebook-PC 

cross_uname_release:5.4.0-104-generic 

cross_uname_version:"#118-Ubuntu SMP Wed Mar 2 19:02:41 UTC 2022" 

cross_uname_machine:x86_64 

cross_V:"ubuntu, Linux Lite 5.6" 

cross_sys_prefix:"/usr" 

cross_sys_platform:linux 

cross_sys_version:"3.8.10 (default, Nov 26 2021, 20:14:08)  [GCC 9.3.0]" 

cross_git_branch:master 

cross_git_repo_username:MbaretePythonPY 

cross_git_repo_name:Mbarete.git 

cross_git_email:mathiaslucasvidipy@gmail.com 

cross_git_username:MbaretePythonPY 

cross_fuente:mbarete\consolas\ 

cross_install:sudo apt install 

cross_install_flatpack:sudo flatpack install 

